<?xml version="1.0" encoding="UTF-8"?>
<!-- Generated by org.testng.reporters.JUnitReportReporter -->
<testsuite hostname="LAPTOP-396LFO6U" failures="0" tests="1" name="com.selenium.FirstTest" time="10.989" errors="0" timestamp="2022-06-17T16:43:48 IST" skipped="0">
  <testcase classname="com.selenium.FirstTest" name="launchfacebook" time="10.989"/>
  <system-out/>
</testsuite> <!-- com.selenium.FirstTest -->
